INFO:  latexindent version 3.24.4, 2024-07-18, a script to indent .tex files
       latexindent lives here: /opt/latexindent/
       Sun Jan 26 23:43:18 2025
       Filename: test.tex
INFO:  Processing switches:
INFO:  Directory for backup files and log file indent.log:
       .
INFO:  YAML settings read: defaultSettings.yaml
       Reading defaultSettings.yaml from /opt/latexindent/defaultSettings.yaml
INFO:  YAML reading settings
       Home directory is /root
       latexindent.pl didn't find indentconfig.yaml or .indentconfig.yaml
       see all possible locations: https://latexindentpl.readthedocs.io/en/latest/sec-appendices.html#indentconfig-options)
INFO:  Phase 1: searching for objects
       No objects found.
INFO:  Phase 2: finding surrounding indentation
INFO:  Phase 3: indenting objects
INFO:  Phase 4: final indentation check
INFO:  Output routine:
       Not outputting to file; see -w and -o switches for more options.
       --------------
INFO:  Please direct all communication/issues to:
        https://github.com/cmhughes/latexindent.pl
