INFO:  latexindent.pl version 3.23.8, 2024-03-28, a script to indent .tex files
       latexindent.pl lives here: /opt/homebrew/Cellar/latexindent/3.23.8/libexec/bin/
       Sun Sep 22 23:55:10 2024
       Filename: tmp_files/bc724ee9-77ea-414e-b301-4cb294775209/testeCV.tex
INFO:  Processing switches:
       -w|--overwrite: Overwrite mode active, will make a back up before overwriting
INFO:  Directory for backup files and indent.log:
       tmp_files/bc724ee9-77ea-414e-b301-4cb294775209
INFO:  Perl modules are being loaded from the following directories:
       /opt/homebrew/opt/perl/lib/perl5/5.38/FindBin.pm
       /opt/homebrew/Cellar/latexindent/3.23.8/libexec/lib/perl5/YAML/Tiny.pm
       /opt/homebrew/opt/perl/lib/perl5/5.38/File/Copy.pm
       /opt/homebrew/opt/perl/lib/perl5/5.38/File/Basename.pm
       /opt/homebrew/opt/perl/lib/perl5/5.38/Getopt/Long.pm
       /opt/homebrew/Cellar/latexindent/3.23.8/libexec/lib/perl5/File/HomeDir.pm
INFO:  LatexIndent perl modules are being loaded from, for example:
       /opt/homebrew/Cellar/latexindent/3.23.8/libexec/lib/perl5/LatexIndent/Document.pm
INFO:  YAML settings read: defaultSettings.yaml
       Reading defaultSettings.yaml from /opt/homebrew/Cellar/latexindent/3.23.8/libexec/bin/defaultSettings.yaml
INFO:  YAML reading settings
       Home directory is /Users/juliogoncalves
       latexindent.pl didn't find indentconfig.yaml or .indentconfig.yaml
       see all possible locations: https://latexindentpl.readthedocs.io/en/latest/sec-appendices.html#indentconfig-options)
INFO:  Backup procedure (-w flag active):
       tmp_files/bc724ee9-77ea-414e-b301-4cb294775209/testeCV.bak0 already exists, incrementing by 1 (see maxNumberOfBackUps)
       tmp_files/bc724ee9-77ea-414e-b301-4cb294775209/testeCV.bak1 already exists, incrementing by 1 (see maxNumberOfBackUps)
       tmp_files/bc724ee9-77ea-414e-b301-4cb294775209/testeCV.bak2 already exists, incrementing by 1 (see maxNumberOfBackUps)
       Backing up tmp_files/bc724ee9-77ea-414e-b301-4cb294775209/testeCV.tex to tmp_files/bc724ee9-77ea-414e-b301-4cb294775209/testeCV.bak3...
       tmp_files/bc724ee9-77ea-414e-b301-4cb294775209/testeCV.tex will be overwritten after indentation
INFO:  Phase 1: searching for objects
INFO:  Phase 2: finding surrounding indentation
INFO:  Phase 3: indenting objects
INFO:  Phase 4: final indentation check
INFO:  Output routine:
       Overwriting file tmp_files/bc724ee9-77ea-414e-b301-4cb294775209/testeCV.tex
       --------------
INFO:  Please direct all communication/issues to:
        https://github.com/cmhughes/latexindent.pl
